matisse/build/outputs/logs/manifest-merger-debug-report.txt
-- Merging decision tree log ---
manifest
ADDED from src\main\AndroidManifest.xml:17:1-43:12
INJECTED from src\main\AndroidManifest.xml:17:1-43:12
INJECTED from src\main\AndroidManifest.xml:17:1-43:12
	package
		ADDED from src\main\AndroidManifest.xml:19:5-30
		INJECTED from src\main\AndroidManifest.xml
		INJECTED from src\main\AndroidManifest.xml
	xmlns:android
		ADDED from src\main\AndroidManifest.xml:18:5-63
uses-permission#android.permission.FLASHLIGHT
ADDED from src\main\AndroidManifest.xml:20:5-69
	android:name
		ADDED from src\main\AndroidManifest.xml:20:22-66
uses-permission#android.permission.RECORD_AUDIO
ADDED from src\main\AndroidManifest.xml:21:5-70
	android:name
		ADDED from src\main\AndroidManifest.xml:21:22-68
uses-permission#android.permission.WAKE_LOCK
ADDED from src\main\AndroidManifest.xml:22:5-67
	android:name
		ADDED from src\main\AndroidManifest.xml:22:22-65
uses-permission#android.permission.CAMERA
ADDED from src\main\AndroidManifest.xml:23:5-64
	android:name
		ADDED from src\main\AndroidManifest.xml:23:22-62
uses-permission#android.permission.WRITE_SETTINGS
ADDED from src\main\AndroidManifest.xml:24:5-72
	android:name
		ADDED from src\main\AndroidManifest.xml:24:22-70
uses-feature#android.hardware.camera
ADDED from src\main\AndroidManifest.xml:26:5-59
	android:name
		ADDED from src\main\AndroidManifest.xml:26:19-57
uses-feature#android.hardware.camera.autofocus
ADDED from src\main\AndroidManifest.xml:27:5-69
	android:name
		ADDED from src\main\AndroidManifest.xml:27:19-67
uses-permission#android.permission.WRITE_EXTERNAL_STORAGE
ADDED from src\main\AndroidManifest.xml:28:5-80
	android:name
		ADDED from src\main\AndroidManifest.xml:28:22-78
uses-permission#android.permission.READ_EXTERNAL_STORAGE
ADDED from src\main\AndroidManifest.xml:29:5-79
	android:name
		ADDED from src\main\AndroidManifest.xml:29:22-77
application
ADDED from src\main\AndroidManifest.xml:31:5-42:19
meta-data#android.notch_support
ADDED from src\main\AndroidManifest.xml:32:9-79
	android:value
		ADDED from src\main\AndroidManifest.xml:32:57-77
	android:name
		ADDED from src\main\AndroidManifest.xml:32:20-56
meta-data#android.max_aspect
ADDED from src\main\AndroidManifest.xml:33:9-76
	android:value
		ADDED from src\main\AndroidManifest.xml:33:54-73
	android:name
		ADDED from src\main\AndroidManifest.xml:33:20-53
activity#com.lxj.matisse.ui.MatisseActivity
ADDED from src\main\AndroidManifest.xml:34:9-70
	android:name
		ADDED from src\main\AndroidManifest.xml:34:19-68
activity#com.lxj.matisse.internal.ui.AlbumPreviewActivity
ADDED from src\main\AndroidManifest.xml:35:9-84
	android:name
		ADDED from src\main\AndroidManifest.xml:35:19-82
activity#com.lxj.matisse.internal.ui.SelectedPreviewActivity
ADDED from src\main\AndroidManifest.xml:36:9-87
	android:name
		ADDED from src\main\AndroidManifest.xml:36:19-85
activity#com.yalantis.ucrop.UCropActivity
ADDED from src\main\AndroidManifest.xml:37:9-40:71
	android:screenOrientation
		ADDED from src\main\AndroidManifest.xml:39:13-49
	android:theme
		ADDED from src\main\AndroidManifest.xml:40:13-69
	android:name
		ADDED from src\main\AndroidManifest.xml:38:13-60
activity#com.lxj.matisse.ui.CameraActivity
ADDED from src\main\AndroidManifest.xml:41:9-70
	android:name
		ADDED from src\main\AndroidManifest.xml:41:19-67
uses-sdk
INJECTED from src\main\AndroidManifest.xml reason: use-sdk injection requested
INJECTED from src\main\AndroidManifest.xml
INJECTED from src\main\AndroidManifest.xml
INJECTED from src\main\AndroidManifest.xml
INJECTED from src\main\AndroidManifest.xml
	android:targetSdkVersion
		INJECTED from src\main\AndroidManifest.xml
		ADDED from src\main\AndroidManifest.xml
		INJECTED from src\main\AndroidManifest.xml
	android:minSdkVersion
		INJECTED from src\main\AndroidManifest.xml
		ADDED from src\main\AndroidManifest.xml
		INJECTED from src\main\AndroidManifest.xml